INFO [2021-01-14 15:54:56] $x
INFO [2021-01-14 15:54:56] list(set1, set2)
INFO [2021-01-14 15:54:56] 
INFO [2021-01-14 15:54:56] $category.names
INFO [2021-01-14 15:54:56] c("s1", "s2")
INFO [2021-01-14 15:54:56] 
INFO [2021-01-14 15:54:56] $filename
INFO [2021-01-14 15:54:56] [1] "sample_venn.png"
INFO [2021-01-14 15:54:56] 
INFO [2021-01-14 15:54:56] $output
INFO [2021-01-14 15:54:56] [1] TRUE
INFO [2021-01-14 15:54:56] 
INFO [2021-01-14 15:54:56] $imagetype
INFO [2021-01-14 15:54:56] [1] "png"
INFO [2021-01-14 15:54:56] 
INFO [2021-01-14 15:54:56] $scaled
INFO [2021-01-14 15:54:56] [1] FALSE
INFO [2021-01-14 15:54:56] 
INFO [2021-01-14 15:54:56] $col
INFO [2021-01-14 15:54:56] [1] "black"
INFO [2021-01-14 15:54:56] 
INFO [2021-01-14 15:54:56] $fill
INFO [2021-01-14 15:54:56] colors
INFO [2021-01-14 15:54:56] 
INFO [2021-01-14 15:54:56] $cat.col
INFO [2021-01-14 15:54:56] colors
INFO [2021-01-14 15:54:56] 
INFO [2021-01-14 15:54:56] $cat.cex
INFO [2021-01-14 15:54:56] [1] 2
INFO [2021-01-14 15:54:56] 
INFO [2021-01-14 15:54:56] $margin
INFO [2021-01-14 15:54:56] [1] 0.15
INFO [2021-01-14 15:54:56] 
