INFO [2021-01-14 14:56:52] $x
INFO [2021-01-14 14:56:52] list(set1, set2)
INFO [2021-01-14 14:56:52] 
INFO [2021-01-14 14:56:52] $category.names
INFO [2021-01-14 14:56:52] c("s1", "s2")
INFO [2021-01-14 14:56:52] 
INFO [2021-01-14 14:56:52] $filename
INFO [2021-01-14 14:56:52] [1] "sample_venn.png"
INFO [2021-01-14 14:56:52] 
INFO [2021-01-14 14:56:52] $output
INFO [2021-01-14 14:56:52] [1] TRUE
INFO [2021-01-14 14:56:52] 
INFO [2021-01-14 14:56:52] $imagetype
INFO [2021-01-14 14:56:52] [1] "png"
INFO [2021-01-14 14:56:52] 
INFO [2021-01-14 14:56:52] $scaled
INFO [2021-01-14 14:56:52] [1] FALSE
INFO [2021-01-14 14:56:52] 
INFO [2021-01-14 14:56:52] $col
INFO [2021-01-14 14:56:52] [1] "black"
INFO [2021-01-14 14:56:52] 
INFO [2021-01-14 14:56:52] $fill
INFO [2021-01-14 14:56:52] colors
INFO [2021-01-14 14:56:52] 
INFO [2021-01-14 14:56:52] $cat.col
INFO [2021-01-14 14:56:52] colors
INFO [2021-01-14 14:56:52] 
INFO [2021-01-14 14:56:52] $cat.cex
INFO [2021-01-14 14:56:52] [1] 2
INFO [2021-01-14 14:56:52] 
INFO [2021-01-14 14:56:52] $margin
INFO [2021-01-14 14:56:52] [1] 0.15
INFO [2021-01-14 14:56:52] 
