INFO [2021-01-14 15:55:11] $x
INFO [2021-01-14 15:55:11] list(set1, set2)
INFO [2021-01-14 15:55:11] 
INFO [2021-01-14 15:55:11] $category.names
INFO [2021-01-14 15:55:11] c("s1", "s2")
INFO [2021-01-14 15:55:11] 
INFO [2021-01-14 15:55:11] $filename
INFO [2021-01-14 15:55:11] [1] "sample_venn.png"
INFO [2021-01-14 15:55:11] 
INFO [2021-01-14 15:55:11] $output
INFO [2021-01-14 15:55:11] [1] TRUE
INFO [2021-01-14 15:55:11] 
INFO [2021-01-14 15:55:11] $imagetype
INFO [2021-01-14 15:55:11] [1] "png"
INFO [2021-01-14 15:55:11] 
INFO [2021-01-14 15:55:11] $scaled
INFO [2021-01-14 15:55:11] [1] TRUE
INFO [2021-01-14 15:55:11] 
INFO [2021-01-14 15:55:11] $col
INFO [2021-01-14 15:55:11] [1] "black"
INFO [2021-01-14 15:55:11] 
INFO [2021-01-14 15:55:11] $fill
INFO [2021-01-14 15:55:11] colors
INFO [2021-01-14 15:55:11] 
INFO [2021-01-14 15:55:11] $cat.col
INFO [2021-01-14 15:55:11] colors
INFO [2021-01-14 15:55:11] 
INFO [2021-01-14 15:55:11] $cat.cex
INFO [2021-01-14 15:55:11] [1] 2
INFO [2021-01-14 15:55:11] 
INFO [2021-01-14 15:55:11] $margin
INFO [2021-01-14 15:55:11] [1] 0.15
INFO [2021-01-14 15:55:11] 
