INFO [2021-01-14 13:01:37] $x
INFO [2021-01-14 13:01:37] list(set1, set2)
INFO [2021-01-14 13:01:37] 
INFO [2021-01-14 13:01:37] $category.names
INFO [2021-01-14 13:01:37] c("s1", "s2")
INFO [2021-01-14 13:01:37] 
INFO [2021-01-14 13:01:37] $filename
INFO [2021-01-14 13:01:37] [1] "sample_venn.png"
INFO [2021-01-14 13:01:37] 
INFO [2021-01-14 13:01:37] $output
INFO [2021-01-14 13:01:37] [1] TRUE
INFO [2021-01-14 13:01:37] 
INFO [2021-01-14 13:01:37] $imagetype
INFO [2021-01-14 13:01:37] [1] "png"
INFO [2021-01-14 13:01:37] 
INFO [2021-01-14 13:01:37] $scaled
INFO [2021-01-14 13:01:37] [1] FALSE
INFO [2021-01-14 13:01:37] 
INFO [2021-01-14 13:01:37] $col
INFO [2021-01-14 13:01:37] [1] "black"
INFO [2021-01-14 13:01:37] 
INFO [2021-01-14 13:01:37] $fill
INFO [2021-01-14 13:01:37] colors
INFO [2021-01-14 13:01:37] 
INFO [2021-01-14 13:01:37] $cat.col
INFO [2021-01-14 13:01:37] colors
INFO [2021-01-14 13:01:37] 
INFO [2021-01-14 13:01:37] $cat.cex
INFO [2021-01-14 13:01:37] [1] 2
INFO [2021-01-14 13:01:37] 
INFO [2021-01-14 13:01:37] $margin
INFO [2021-01-14 13:01:37] [1] 0.15
INFO [2021-01-14 13:01:37] 
