INFO [2021-01-14 13:04:29] $x
INFO [2021-01-14 13:04:29] list(set1, set2)
INFO [2021-01-14 13:04:29] 
INFO [2021-01-14 13:04:29] $category.names
INFO [2021-01-14 13:04:29] c("s1", "s2")
INFO [2021-01-14 13:04:29] 
INFO [2021-01-14 13:04:29] $filename
INFO [2021-01-14 13:04:29] [1] "sample_venn.png"
INFO [2021-01-14 13:04:29] 
INFO [2021-01-14 13:04:29] $output
INFO [2021-01-14 13:04:29] [1] TRUE
INFO [2021-01-14 13:04:29] 
INFO [2021-01-14 13:04:29] $imagetype
INFO [2021-01-14 13:04:29] [1] "png"
INFO [2021-01-14 13:04:29] 
INFO [2021-01-14 13:04:29] $scaled
INFO [2021-01-14 13:04:29] [1] FALSE
INFO [2021-01-14 13:04:29] 
INFO [2021-01-14 13:04:29] $col
INFO [2021-01-14 13:04:29] [1] "black"
INFO [2021-01-14 13:04:29] 
INFO [2021-01-14 13:04:29] $fill
INFO [2021-01-14 13:04:29] colors
INFO [2021-01-14 13:04:29] 
INFO [2021-01-14 13:04:29] $cat.col
INFO [2021-01-14 13:04:29] colors
INFO [2021-01-14 13:04:29] 
INFO [2021-01-14 13:04:29] $cat.cex
INFO [2021-01-14 13:04:29] [1] 2
INFO [2021-01-14 13:04:29] 
INFO [2021-01-14 13:04:29] $margin
INFO [2021-01-14 13:04:29] [1] 0.15
INFO [2021-01-14 13:04:29] 
